Performing C SOURCE FILE Test CMAKE_HAVE_LIBC_PTHREAD failed with the following output:
Change Dir: /home/wupeng/roslearn/aloam/build/CMakeFiles/CMakeTmp

Run Build Command(s):/usr/bin/make cmTC_af18f/fast && /usr/bin/make -f CMakeFiles/cmTC_af18f.dir/build.make CMakeFiles/cmTC_af18f.dir/build
make[1]: 进入目录“/home/wupeng/roslearn/aloam/build/CMakeFiles/CMakeTmp”
Building C object CMakeFiles/cmTC_af18f.dir/src.c.o
/usr/bin/cc   -DCMAKE_HAVE_LIBC_PTHREAD   -o CMakeFiles/cmTC_af18f.dir/src.c.o   -c /home/wupeng/roslearn/aloam/build/CMakeFiles/CMakeTmp/src.c
Linking C executable cmTC_af18f
/usr/bin/cmake -E cmake_link_script CMakeFiles/cmTC_af18f.dir/link.txt --verbose=1
/usr/bin/cc  -DCMAKE_HAVE_LIBC_PTHREAD    -rdynamic CMakeFiles/cmTC_af18f.dir/src.c.o  -o cmTC_af18f 
/usr/bin/ld: CMakeFiles/cmTC_af18f.dir/src.c.o: in function `main':
src.c:(.text+0x46): undefined reference to `pthread_create'
/usr/bin/ld: src.c:(.text+0x52): undefined reference to `pthread_detach'
/usr/bin/ld: src.c:(.text+0x63): undefined reference to `pthread_join'
collect2: error: ld returned 1 exit status
make[1]: *** [CMakeFiles/cmTC_af18f.dir/build.make:87：cmTC_af18f] 错误 1
make[1]: 离开目录“/home/wupeng/roslearn/aloam/build/CMakeFiles/CMakeTmp”
make: *** [Makefile:121：cmTC_af18f/fast] 错误 2


Source file was:
#include <pthread.h>

void* test_func(void* data)
{
  return data;
}

int main(void)
{
  pthread_t thread;
  pthread_create(&thread, NULL, test_func, NULL);
  pthread_detach(thread);
  pthread_join(thread, NULL);
  pthread_atfork(NULL, NULL, NULL);
  pthread_exit(NULL);

  return 0;
}

Determining if the function pthread_create exists in the pthreads failed with the following output:
Change Dir: /home/wupeng/roslearn/aloam/build/CMakeFiles/CMakeTmp

Run Build Command(s):/usr/bin/make cmTC_1c004/fast && /usr/bin/make -f CMakeFiles/cmTC_1c004.dir/build.make CMakeFiles/cmTC_1c004.dir/build
make[1]: 进入目录“/home/wupeng/roslearn/aloam/build/CMakeFiles/CMakeTmp”
Building C object CMakeFiles/cmTC_1c004.dir/CheckFunctionExists.c.o
/usr/bin/cc   -DCHECK_FUNCTION_EXISTS=pthread_create   -o CMakeFiles/cmTC_1c004.dir/CheckFunctionExists.c.o   -c /usr/share/cmake-3.16/Modules/CheckFunctionExists.c
Linking C executable cmTC_1c004
/usr/bin/cmake -E cmake_link_script CMakeFiles/cmTC_1c004.dir/link.txt --verbose=1
/usr/bin/cc  -DCHECK_FUNCTION_EXISTS=pthread_create    -rdynamic CMakeFiles/cmTC_1c004.dir/CheckFunctionExists.c.o  -o cmTC_1c004  -lpthreads 
/usr/bin/ld: 找不到 -lpthreads
collect2: error: ld returned 1 exit status
make[1]: *** [CMakeFiles/cmTC_1c004.dir/build.make:87：cmTC_1c004] 错误 1
make[1]: 离开目录“/home/wupeng/roslearn/aloam/build/CMakeFiles/CMakeTmp”
make: *** [Makefile:121：cmTC_1c004/fast] 错误 2



Determining if the function sgemm_ exists failed with the following output:
Change Dir: /home/wupeng/roslearn/aloam/build/CMakeFiles/CMakeTmp

Run Build Command(s):/usr/bin/make cmTC_c58c2/fast && /usr/bin/make -f CMakeFiles/cmTC_c58c2.dir/build.make CMakeFiles/cmTC_c58c2.dir/build
make[1]: 进入目录“/home/wupeng/roslearn/aloam/build/CMakeFiles/CMakeTmp”
Building C object CMakeFiles/cmTC_c58c2.dir/CheckFunctionExists.c.o
/usr/bin/cc   -DCHECK_FUNCTION_EXISTS=sgemm_   -o CMakeFiles/cmTC_c58c2.dir/CheckFunctionExists.c.o   -c /usr/share/cmake-3.16/Modules/CheckFunctionExists.c
Linking C executable cmTC_c58c2
/usr/bin/cmake -E cmake_link_script CMakeFiles/cmTC_c58c2.dir/link.txt --verbose=1
/usr/bin/cc   -DCHECK_FUNCTION_EXISTS=sgemm_    -rdynamic CMakeFiles/cmTC_c58c2.dir/CheckFunctionExists.c.o  -o cmTC_c58c2 
/usr/bin/ld: CMakeFiles/cmTC_c58c2.dir/CheckFunctionExists.c.o: in function `main':
CheckFunctionExists.c:(.text+0x14): undefined reference to `sgemm_'
collect2: error: ld returned 1 exit status
make[1]: *** [CMakeFiles/cmTC_c58c2.dir/build.make:87：cmTC_c58c2] 错误 1
make[1]: 离开目录“/home/wupeng/roslearn/aloam/build/CMakeFiles/CMakeTmp”
make: *** [Makefile:121：cmTC_c58c2/fast] 错误 2



Determining if the function cheev_ exists failed with the following output:
Change Dir: /home/wupeng/roslearn/aloam/build/CMakeFiles/CMakeTmp

Run Build Command(s):/usr/bin/make cmTC_8d7dd/fast && /usr/bin/make -f CMakeFiles/cmTC_8d7dd.dir/build.make CMakeFiles/cmTC_8d7dd.dir/build
make[1]: 进入目录“/home/wupeng/roslearn/aloam/build/CMakeFiles/CMakeTmp”
Building C object CMakeFiles/cmTC_8d7dd.dir/CheckFunctionExists.c.o
/usr/bin/cc   -DCHECK_FUNCTION_EXISTS=cheev_   -o CMakeFiles/cmTC_8d7dd.dir/CheckFunctionExists.c.o   -c /usr/share/cmake-3.16/Modules/CheckFunctionExists.c
Linking C executable cmTC_8d7dd
/usr/bin/cmake -E cmake_link_script CMakeFiles/cmTC_8d7dd.dir/link.txt --verbose=1
/usr/bin/cc   -DCHECK_FUNCTION_EXISTS=cheev_    -rdynamic CMakeFiles/cmTC_8d7dd.dir/CheckFunctionExists.c.o  -o cmTC_8d7dd  /usr/lib/x86_64-linux-gnu/libblas.so 
/usr/bin/ld: CMakeFiles/cmTC_8d7dd.dir/CheckFunctionExists.c.o: in function `main':
CheckFunctionExists.c:(.text+0x14): undefined reference to `cheev_'
collect2: error: ld returned 1 exit status
make[1]: *** [CMakeFiles/cmTC_8d7dd.dir/build.make:88：cmTC_8d7dd] 错误 1
make[1]: 离开目录“/home/wupeng/roslearn/aloam/build/CMakeFiles/CMakeTmp”
make: *** [Makefile:121：cmTC_8d7dd/fast] 错误 2



